  Ros2Test.cpp
MSVCRT.lib(exe_winmain.obj) : error LNK2001: unresolved external symbol WinMain
C:\Users\colma\hcps\Interfaces\Native\Ros2Test\Ros2Test\x64\Release\Ros2Test.exe : fatal error LNK1120: 1 unresolved externals
